<?xml version="1.0" encoding="UTF-8"?>
<testng-results ignored="0" total="2" passed="2" failed="0" skipped="0">
  <reporter-output>
  </reporter-output>
  <suite started-at="2025-02-18T19:27:21 IST" name="Selenium Automation Suite" finished-at="2025-02-18T19:28:53 IST" duration-ms="91265">
    <groups>
    </groups>
    <test started-at="2025-02-18T19:27:21 IST" name="Test" finished-at="2025-02-18T19:28:53 IST" duration-ms="91265">
      <class name="com.testClasses.com.LoginTest">
        <test-method is-config="true" signature="setup()[pri:0, instance:com.testClasses.com.LoginTest@56aaaecd]" started-at="2025-02-18T19:27:22 IST" name="setup" finished-at="2025-02-18T19:28:17 IST" duration-ms="55807" status="PASS">
          <reporter-output>
          </reporter-output>
        </test-method> <!-- setup -->
        <test-method signature="testLogin(java.lang.String,java.lang.String)[pri:0, instance:com.testClasses.com.LoginTest@56aaaecd]" started-at="2025-02-18T19:28:17 IST" name="testLogin" data-provider="loginData" finished-at="2025-02-18T19:28:22 IST" duration-ms="4397" status="PASS">
          <params>
            <param index="0">
              <value>
                <![CDATA[problem_user]]>
              </value>
            </param>
            <param index="1">
              <value>
                <![CDATA[secret_sauce]]>
              </value>
            </param>
          </params>
          <reporter-output>
          </reporter-output>
        </test-method> <!-- testLogin -->
        <test-method is-config="true" signature="tearDown()[pri:0, instance:com.testClasses.com.LoginTest@56aaaecd]" started-at="2025-02-18T19:28:22 IST" name="tearDown" finished-at="2025-02-18T19:28:32 IST" duration-ms="10394" status="PASS">
          <reporter-output>
          </reporter-output>
        </test-method> <!-- tearDown -->
        <test-method is-config="true" signature="setup()[pri:0, instance:com.testClasses.com.LoginTest@56aaaecd]" started-at="2025-02-18T19:28:32 IST" name="setup" finished-at="2025-02-18T19:28:43 IST" duration-ms="10986" status="PASS">
          <reporter-output>
          </reporter-output>
        </test-method> <!-- setup -->
        <test-method signature="testLogin(java.lang.String,java.lang.String)[pri:0, instance:com.testClasses.com.LoginTest@56aaaecd]" started-at="2025-02-18T19:28:43 IST" name="testLogin" data-provider="loginData" finished-at="2025-02-18T19:28:52 IST" duration-ms="8684" status="PASS">
          <params>
            <param index="0">
              <value>
                <![CDATA[performance_glitch_user]]>
              </value>
            </param>
            <param index="1">
              <value>
                <![CDATA[secret_sauce]]>
              </value>
            </param>
          </params>
          <reporter-output>
          </reporter-output>
        </test-method> <!-- testLogin -->
        <test-method is-config="true" signature="tearDown()[pri:0, instance:com.testClasses.com.LoginTest@56aaaecd]" started-at="2025-02-18T19:28:52 IST" name="tearDown" finished-at="2025-02-18T19:28:53 IST" duration-ms="599" status="PASS">
          <reporter-output>
          </reporter-output>
        </test-method> <!-- tearDown -->
      </class> <!-- com.testClasses.com.LoginTest -->
    </test> <!-- Test -->
  </suite> <!-- Selenium Automation Suite -->
</testng-results>
