<?xml version="1.0" encoding="UTF-8"?>
<testng-results ignored="0" total="2" passed="2" failed="0" skipped="0">
  <reporter-output>
  </reporter-output>
  <suite started-at="2025-02-18T19:07:41 IST" name="Selenium Automation Suite" finished-at="2025-02-18T19:08:20 IST" duration-ms="38921">
    <groups>
    </groups>
    <test started-at="2025-02-18T19:07:41 IST" name="Test" finished-at="2025-02-18T19:08:20 IST" duration-ms="38921">
      <class name="com.testClasses.com.LoginTest">
        <test-method is-config="true" signature="setup()[pri:0, instance:com.testClasses.com.LoginTest@4c4d27c8]" started-at="2025-02-18T19:07:42 IST" name="setup" finished-at="2025-02-18T19:07:59 IST" duration-ms="17718" status="PASS">
          <reporter-output>
          </reporter-output>
        </test-method> <!-- setup -->
        <test-method signature="testLogin(java.lang.String,java.lang.String)[pri:0, instance:com.testClasses.com.LoginTest@4c4d27c8]" started-at="2025-02-18T19:07:59 IST" name="testLogin" data-provider="loginData" finished-at="2025-02-18T19:08:03 IST" duration-ms="3638" status="PASS">
          <params>
            <param index="0">
              <value>
                <![CDATA[problem_user]]>
              </value>
            </param>
            <param index="1">
              <value>
                <![CDATA[secret_sauce]]>
              </value>
            </param>
          </params>
          <reporter-output>
          </reporter-output>
        </test-method> <!-- testLogin -->
        <test-method is-config="true" signature="tearDown()[pri:0, instance:com.testClasses.com.LoginTest@4c4d27c8]" started-at="2025-02-18T19:08:03 IST" name="tearDown" finished-at="2025-02-18T19:08:04 IST" duration-ms="709" status="PASS">
          <reporter-output>
          </reporter-output>
        </test-method> <!-- tearDown -->
        <test-method is-config="true" signature="setup()[pri:0, instance:com.testClasses.com.LoginTest@4c4d27c8]" started-at="2025-02-18T19:08:04 IST" name="setup" finished-at="2025-02-18T19:08:11 IST" duration-ms="7708" status="PASS">
          <reporter-output>
          </reporter-output>
        </test-method> <!-- setup -->
        <test-method signature="testLogin(java.lang.String,java.lang.String)[pri:0, instance:com.testClasses.com.LoginTest@4c4d27c8]" started-at="2025-02-18T19:08:11 IST" name="testLogin" data-provider="loginData" finished-at="2025-02-18T19:08:20 IST" duration-ms="8535" status="PASS">
          <params>
            <param index="0">
              <value>
                <![CDATA[performance_glitch_user]]>
              </value>
            </param>
            <param index="1">
              <value>
                <![CDATA[secret_sauce]]>
              </value>
            </param>
          </params>
          <reporter-output>
          </reporter-output>
        </test-method> <!-- testLogin -->
        <test-method is-config="true" signature="tearDown()[pri:0, instance:com.testClasses.com.LoginTest@4c4d27c8]" started-at="2025-02-18T19:08:20 IST" name="tearDown" finished-at="2025-02-18T19:08:20 IST" duration-ms="442" status="PASS">
          <reporter-output>
          </reporter-output>
        </test-method> <!-- tearDown -->
      </class> <!-- com.testClasses.com.LoginTest -->
    </test> <!-- Test -->
  </suite> <!-- Selenium Automation Suite -->
</testng-results>
